<?xml version="1.0" encoding="UTF-8"?>
<TestRun id="5176d68e-8407-4c27-988d-809833313875" name="Home@DESKTOP-HO3QAS3 2019-03-28 02:26:36" runUser="DESKTOP-HO3QAS3\Home" xmlns="http://microsoft.com/schemas/VisualStudio/TeamTest/2010">
  <TestSettings name="Default Test Settings" id="5509f992-d3a2-4f53-82f0-4b446fe1a156">
    <Execution>
      <TestTypeSpecific />
      <AgentRule name="Execution Agents">
      </AgentRule>
    </Execution>
    <Deployment runDeploymentRoot="Home_DESKTOP-HO3QAS3 2019-03-28 02_26_36" />
    <Properties />
  </TestSettings>
  <Times creation="2019-03-28T02:26:36.9073948-05:00" queuing="2019-03-28T02:26:37.6345928-05:00" start="2019-03-28T02:26:37.7125909-05:00" finish="2019-03-28T02:26:38.2777189-05:00" />
  <ResultSummary outcome="Completed">
    <Counters total="1" executed="1" passed="1" error="0" failed="0" timeout="0" aborted="0" inconclusive="0" passedButRunAborted="0" notRunnable="0" notExecuted="0" disconnected="0" warning="0" completed="0" inProgress="0" pending="0" />
  </ResultSummary>
  <TestDefinitions>
    <UnitTest name="TestMethod1" storage="helloworldtests\bin\debug\helloworldtests.dll" id="5e31dd07-94a6-154a-c432-42c66e0a0486">
      <Execution id="485df536-51c3-4c34-85bc-5b798b2496f6" />
      <TestMethod codeBase="D:/Temp/HelloWorld/HelloWorldTests/bin/debug/HelloWorldTests.DLL" adapterTypeName="Microsoft.VisualStudio.TestTools.TestTypes.Unit.UnitTestAdapter, Microsoft.VisualStudio.QualityTools.Tips.UnitTest.Adapter, Version=15.0.0.0, Culture=neutral, PublicKeyToken=b03f5f7f11d50a3a" className="HelloWorldTests.UnitTest1, HelloWorldTests, Version=1.0.0.0, Culture=neutral, PublicKeyToken=null" name="TestMethod1" />
    </UnitTest>
  </TestDefinitions>
  <TestLists>
    <TestList name="Results Not in a List" id="8c84fa94-04c1-424b-9868-57a2d4851a1d" />
    <TestList name="All Loaded Results" id="19431567-8539-422a-85d7-44ee4e166bda" />
  </TestLists>
  <TestEntries>
    <TestEntry testId="5e31dd07-94a6-154a-c432-42c66e0a0486" executionId="485df536-51c3-4c34-85bc-5b798b2496f6" testListId="8c84fa94-04c1-424b-9868-57a2d4851a1d" />
  </TestEntries>
  <Results>
    <UnitTestResult executionId="485df536-51c3-4c34-85bc-5b798b2496f6" testId="5e31dd07-94a6-154a-c432-42c66e0a0486" testName="TestMethod1" computerName="DESKTOP-HO3QAS3" duration="00:00:00.0212160" startTime="2019-03-28T02:26:37.8366192-05:00" endTime="2019-03-28T02:26:38.2117042-05:00" testType="13cdc9d9-ddb5-4fa4-a97d-d965ccfc6d4b" outcome="Passed" testListId="8c84fa94-04c1-424b-9868-57a2d4851a1d" relativeResultsDirectory="485df536-51c3-4c34-85bc-5b798b2496f6">
    </UnitTestResult>
  </Results>
</TestRun>